<?xml version="1.0" encoding="UTF-8"?>
<!-- This is an empty Glassfish domain config file for representative purposes. -->